<?xml version="1.0" encoding="UTF-8"?>
<testng-results ignored="0" total="1" passed="1" failed="0" skipped="0">
  <reporter-output>
    <line>
      <![CDATA[Setup is Started]]>
    </line>
    <line>
      <![CDATA[Setup is Done]]>
    </line>
    <line>
      <![CDATA[Trying to start Browser]]>
    </line>
    <line>
      <![CDATA[Browser has been started]]>
    </line>
    <line>
      <![CDATA[Test is about to end]]>
    </line>
    <line>
      <![CDATA[Test is completed >>> Reports Generated]]>
    </line>
  </reporter-output>
  <suite started-at="2024-04-12T11:01:45 EDT" name="Suite" finished-at="2024-04-12T11:20:33 EDT" duration-ms="1128137">
    <groups>
    </groups>
    <test started-at="2024-04-12T11:01:45 EDT" name="Test" finished-at="2024-04-12T11:20:33 EDT" duration-ms="1128137">
      <class name="com.automation.testcases.LoginTestCRM">
        <test-method is-config="true" signature="SetupSuite()[pri:0, instance:com.automation.testcases.LoginTestCRM@3899782c]" started-at="2024-04-12T11:01:30 EDT" name="SetupSuite" finished-at="2024-04-12T11:01:45 EDT" duration-ms="15679" status="PASS">
          <reporter-output>
            <line>
              <![CDATA[Setup is Started]]>
            </line>
            <line>
              <![CDATA[Setup is Done]]>
            </line>
          </reporter-output>
        </test-method> <!-- SetupSuite -->
        <test-method is-config="true" signature="setup()[pri:0, instance:com.automation.testcases.LoginTestCRM@3899782c]" started-at="2024-04-12T11:01:45 EDT" name="setup" finished-at="2024-04-12T11:01:48 EDT" duration-ms="3087" status="PASS">
          <reporter-output>
            <line>
              <![CDATA[Trying to start Browser]]>
            </line>
            <line>
              <![CDATA[Browser has been started]]>
            </line>
          </reporter-output>
        </test-method> <!-- setup -->
        <test-method signature="loginApp()[pri:1, instance:com.automation.testcases.LoginTestCRM@3899782c]" started-at="2024-04-12T11:01:48 EDT" name="loginApp" finished-at="2024-04-12T11:01:49 EDT" duration-ms="308" status="PASS">
          <reporter-output>
          </reporter-output>
        </test-method> <!-- loginApp -->
        <test-method is-config="true" signature="tearDownMethod(org.testng.ITestResult)[pri:0, instance:com.automation.testcases.LoginTestCRM@3899782c]" started-at="2024-04-12T11:01:49 EDT" name="tearDownMethod" finished-at="2024-04-12T11:20:33 EDT" duration-ms="1124575" status="PASS">
          <params>
            <param index="0">
              <value>
                <![CDATA[[TestResult name=loginApp status=SUCCESS method=LoginTestCRM.loginApp()[pri:1, instance:com.automation.testcases.LoginTestCRM@3899782c] output={null}]]]>
              </value>
            </param>
          </params>
          <reporter-output>
            <line>
              <![CDATA[Test is about to end]]>
            </line>
            <line>
              <![CDATA[Test is completed >>> Reports Generated]]>
            </line>
          </reporter-output>
        </test-method> <!-- tearDownMethod -->
        <test-method is-config="true" signature="tearDown()[pri:0, instance:com.automation.testcases.LoginTestCRM@3899782c]" started-at="2024-04-12T11:20:33 EDT" name="tearDown" finished-at="2024-04-12T11:20:33 EDT" duration-ms="135" status="PASS">
          <reporter-output>
          </reporter-output>
        </test-method> <!-- tearDown -->
      </class> <!-- com.automation.testcases.LoginTestCRM -->
    </test> <!-- Test -->
  </suite> <!-- Suite -->
</testng-results>
